18:57:20.254 [main] INFO  com.facebook.pageObject.PO_CreatePage - Wait for next 10 seconds
18:57:30.561 [main] INFO  com.facebook.pageObject.PO_CreatePage - Click on btnPost
18:57:32.686 [main] WARN  com.facebook.testCases.TC_CreatePost - Exception From: Logout >> Cannot invoke "com.facebook.pageObject.PO_HomePage.UserLogout()" because "this.hp" is null
18:57:32.743 [main] INFO  com.facebook.testCases.TC_CreatePost - Driver shutdown
13:53:27.373 [main] INFO  com.facebook.testCases.TC_CreatePost - Browser and Login-Logout Settings
13:53:27.385 [main] INFO  com.facebook.testCases.TC_CreatePost - wantToEnableDebuggerMode: true And debugger post: 9222
13:53:27.386 [main] INFO  com.facebook.testCases.TC_CreatePost - wantToByPassLoginLogout: true
13:53:27.387 [main] INFO  com.facebook.testCases.TC_CreatePost - incognitoMode: false
13:53:27.387 [main] INFO  com.facebook.testCases.TC_CreatePost - headerLessBrowsing: false
13:53:27.388 [main] INFO  com.facebook.testCases.TC_CreatePost - wantToBlockAdsAndNotifications: true
13:53:27.390 [main] INFO  com.facebook.testCases.TC_CreatePost - Base class started...
13:53:27.423 [main] INFO  com.facebook.utilities.CustomizedChromeOptions - Disabled Ads and Notifications
13:53:27.423 [main] INFO  com.facebook.utilities.CustomizedChromeOptions - Entered into Debugging mode with port:9222
13:55:19.534 [main] INFO  com.facebook.testCases.TC_CreatePost - Chrome driver selected
13:55:46.532 [main] INFO  com.facebook.testCases.TC_CreatePost - Login page started with Debugger mode
13:55:46.580 [main] INFO  com.facebook.testCases.TC_CreatePost - Maximize the window
13:55:46.614 [main] INFO  com.facebook.testCases.TC_CreatePost - loginUserType: user
13:55:48.646 [main] INFO  com.facebook.utilities.ClickOnAnyButton - Method called 'callMeToClickOnAnyButtonWithNameAndXpath' and Caller method name: callMeBeforePerformAnyAction
13:55:48.648 [main] INFO  com.facebook.utilities.ClickOnAnyButton - Element name and xpath >> Facebook Logo and >> (//a[@aria-label='Facebook'])[1]
13:55:49.481 [main] INFO  com.facebook.utilities.ClickOnAnyButton - clicke on button >> Facebook Logo
13:55:54.714 [main] INFO  com.facebook.pageObject.PO_HomePage - Clicked on the iconMenu
13:55:56.744 [main] INFO  com.facebook.utilities.ClickOnAnyButton - Method called 'callMeToClickOnAnyButtonWithNameAndXpath' and Caller method name: clickOnCreatePost
13:55:56.745 [main] INFO  com.facebook.utilities.ClickOnAnyButton - Element name and xpath >> Post Button and >> //div[@role='listitem']//span[text()='Post']
13:55:57.494 [main] INFO  com.facebook.utilities.ClickOnAnyButton - clicke on button >> Post Button
13:56:04.569 [main] INFO  com.facebook.pageObject.PO_CreatePage - Method called createNewPost and  Caller methods name: test_CreatePost
13:56:07.154 [main] INFO  com.facebook.pageObject.PO_CreatePage - Entered descriptinAndTags
13:56:07.282 [main] INFO  com.facebook.pageObject.PO_CreatePage - Click on btnAddToYourPost
13:56:09.592 [main] INFO  com.facebook.pageObject.PO_CreatePage - Click on btnIconPhotoVideo
13:56:13.805 [main] INFO  com.facebook.pageObject.PO_CreatePage - Method called uploadFileFromSystem and Caller methods name: createNewPost
13:56:16.916 [main] INFO  com.facebook.projectUtility.UploadFileWithAutoIT - Method called uploadFileWithAutoIT & caller method name: uploadFileFromSystem
13:56:16.919 [main] INFO  com.facebook.projectUtility.UploadFileWithAutoIT - autoItExecutablePath: D:\Eclipse Project\WebAutomation\Facebook_WATM\AutoIT\autoITApplication.exe
13:56:18.932 [main] INFO  com.facebook.projectUtility.UploadFileWithAutoIT - uploadFileAddress: C:\Users\koiri\Downloads\LeonardoAI
13:56:18.934 [main] INFO  com.facebook.projectUtility.UploadFileWithAutoIT - uploadFileName: मेरे घर राम आये हैं
13:56:19.537 [main] INFO  com.facebook.projectUtility.AddArgumentsInAutoITScriptFile - Method called setFileDirectoryAndName & caller method name: uploadFileWithAutoIT
13:56:24.898 [main] INFO  com.facebook.projectUtility.OpenCMDAndRunBatFile - Method called setFileDirectoryAndName & caller method name: uploadFileWithAutoIT
13:56:34.935 [main] INFO  com.facebook.projectUtility.UploadFileWithAutoIT - Starting AutoIt script execution...
13:56:42.091 [main] INFO  com.facebook.projectUtility.UploadFileWithAutoIT - AutoIt script execution completed with exit code: 0
13:56:44.092 [main] INFO  com.facebook.pageObject.PO_CreatePage - Wait for next 10 seconds
13:56:54.287 [main] INFO  com.facebook.pageObject.PO_CreatePage - Click on btnPost
13:56:56.453 [main] WARN  com.facebook.testCases.TC_CreatePost - Exception From: Logout >> Cannot invoke "com.facebook.pageObject.PO_HomePage.UserLogout()" because "this.hp" is null
13:56:56.520 [main] INFO  com.facebook.testCases.TC_CreatePost - Driver shutdown
14:11:10.429 [main] INFO  com.facebook.testCases.TC_CreatePost - Browser and Login-Logout Settings
14:11:10.441 [main] INFO  com.facebook.testCases.TC_CreatePost - wantToEnableDebuggerMode: true And debugger post: 9222
14:11:10.442 [main] INFO  com.facebook.testCases.TC_CreatePost - wantToByPassLoginLogout: true
14:11:10.443 [main] INFO  com.facebook.testCases.TC_CreatePost - incognitoMode: false
14:11:10.444 [main] INFO  com.facebook.testCases.TC_CreatePost - headerLessBrowsing: false
14:11:10.445 [main] INFO  com.facebook.testCases.TC_CreatePost - wantToBlockAdsAndNotifications: true
14:11:10.447 [main] INFO  com.facebook.testCases.TC_CreatePost - Base class started...
14:11:10.478 [main] INFO  com.facebook.utilities.CustomizedChromeOptions - Disabled Ads and Notifications
14:11:10.480 [main] INFO  com.facebook.utilities.CustomizedChromeOptions - Entered into Debugging mode with port:9222
14:11:13.654 [main] INFO  com.facebook.testCases.TC_CreatePost - Chrome driver selected
14:11:23.513 [main] INFO  com.facebook.testCases.TC_CreatePost - Login page started with Debugger mode
14:11:23.587 [main] INFO  com.facebook.testCases.TC_CreatePost - Maximize the window
14:11:23.618 [main] INFO  com.facebook.testCases.TC_CreatePost - loginUserType: user
14:11:23.729 [main] INFO  com.facebook.utilities.ClickOnAnyButton - Method called 'callMeToClickOnAnyButtonWithNameAndXpath' and Caller method name: callMeBeforePerformAnyAction
14:11:23.730 [main] INFO  com.facebook.utilities.ClickOnAnyButton - Element name and xpath >> Facebook Logo and >> (//a[@aria-label='Facebook'])[1]
14:11:24.584 [main] INFO  com.facebook.utilities.ClickOnAnyButton - clicke on button >> Facebook Logo
14:11:29.830 [main] INFO  com.facebook.pageObject.PO_HomePage - Clicked on the iconMenu
14:11:31.875 [main] INFO  com.facebook.utilities.ClickOnAnyButton - Method called 'callMeToClickOnAnyButtonWithNameAndXpath' and Caller method name: clickOnCreatePost
14:11:31.876 [main] INFO  com.facebook.utilities.ClickOnAnyButton - Element name and xpath >> Post Button and >> //div[@role='listitem']//span[text()='Post']
14:11:32.629 [main] INFO  com.facebook.utilities.ClickOnAnyButton - clicke on button >> Post Button
14:11:39.683 [main] INFO  com.facebook.pageObject.PO_CreatePage - Method called createNewPost and  Caller methods name: test_CreatePost
14:11:42.242 [main] INFO  com.facebook.pageObject.PO_CreatePage - Entered descriptinAndTags
14:11:42.368 [main] INFO  com.facebook.pageObject.PO_CreatePage - Click on btnAddToYourPost
14:11:44.567 [main] INFO  com.facebook.pageObject.PO_CreatePage - Click on btnIconPhotoVideo
14:11:48.781 [main] INFO  com.facebook.pageObject.PO_CreatePage - Method called uploadFileFromSystem and Caller methods name: createNewPost
14:11:51.794 [main] INFO  com.facebook.projectUtility.UploadFileWithAutoIT - Method called uploadFileWithAutoIT & caller method name: uploadFileFromSystem
14:11:51.797 [main] INFO  com.facebook.projectUtility.UploadFileWithAutoIT - autoItExecutablePath: D:\Eclipse Project\WebAutomation\Facebook_WATM\AutoIT\autoITApplication.exe
14:11:53.812 [main] INFO  com.facebook.projectUtility.UploadFileWithAutoIT - uploadFileAddress: C:\Users\koiri\Downloads\LeonardoAI
14:11:53.813 [main] INFO  com.facebook.projectUtility.UploadFileWithAutoIT - uploadFileName: Default_Create_a_cute_baby_3.jpg
14:11:53.816 [main] INFO  com.facebook.projectUtility.AddArgumentsInAutoITScriptFile - Method called setFileDirectoryAndName & caller method name: uploadFileWithAutoIT
14:11:58.835 [main] INFO  com.facebook.projectUtility.OpenCMDAndRunBatFile - Method called setFileDirectoryAndName & caller method name: uploadFileWithAutoIT
14:12:08.886 [main] INFO  com.facebook.projectUtility.UploadFileWithAutoIT - Starting AutoIt script execution...
14:12:14.791 [main] INFO  com.facebook.projectUtility.UploadFileWithAutoIT - AutoIt script execution completed with exit code: 0
14:12:16.799 [main] INFO  com.facebook.pageObject.PO_CreatePage - Wait for next 10 seconds
14:12:26.990 [main] INFO  com.facebook.pageObject.PO_CreatePage - Click on btnPost
14:12:29.198 [main] INFO  com.facebook.testCases.TC_CreatePost - Driver shutdown
14:22:09.832 [main] INFO  com.facebook.testCases.TC_CreatePost - Browser and Login-Logout Settings
14:22:09.841 [main] INFO  com.facebook.testCases.TC_CreatePost - wantToEnableDebuggerMode: true And debugger post: 9222
14:22:09.843 [main] INFO  com.facebook.testCases.TC_CreatePost - wantToByPassLoginLogout: true
14:22:09.843 [main] INFO  com.facebook.testCases.TC_CreatePost - incognitoMode: false
14:22:09.843 [main] INFO  com.facebook.testCases.TC_CreatePost - headerLessBrowsing: false
14:22:09.844 [main] INFO  com.facebook.testCases.TC_CreatePost - wantToBlockAdsAndNotifications: true
14:22:09.846 [main] INFO  com.facebook.testCases.TC_CreatePost - Base class started...
14:22:09.885 [main] INFO  com.facebook.utilities.CustomizedChromeOptions - Disabled Ads and Notifications
14:22:09.886 [main] INFO  com.facebook.utilities.CustomizedChromeOptions - Entered into Debugging mode with port:9222
14:22:14.074 [main] INFO  com.facebook.testCases.TC_CreatePost - Chrome driver selected
14:22:55.893 [main] INFO  com.facebook.testCases.TC_CreatePost - Login page started with Debugger mode
14:22:55.921 [main] INFO  com.facebook.testCases.TC_CreatePost - Maximize the window
14:22:55.953 [main] INFO  com.facebook.testCases.TC_CreatePost - loginUserType: user
14:22:56.186 [main] INFO  com.facebook.utilities.ClickOnAnyButton - Method called 'callMeToClickOnAnyButtonWithNameAndXpath' and Caller method name: callMeBeforePerformAnyAction
14:22:56.187 [main] INFO  com.facebook.utilities.ClickOnAnyButton - Element name and xpath >> Facebook Logo and >> (//a[@aria-label='Facebook'])[1]
14:22:57.113 [main] INFO  com.facebook.utilities.ClickOnAnyButton - clicke on button >> Facebook Logo
14:23:02.309 [main] INFO  com.facebook.pageObject.PO_HomePage - Clicked on the iconMenu
14:23:04.352 [main] INFO  com.facebook.utilities.ClickOnAnyButton - Method called 'callMeToClickOnAnyButtonWithNameAndXpath' and Caller method name: clickOnCreatePost
14:23:04.353 [main] INFO  com.facebook.utilities.ClickOnAnyButton - Element name and xpath >> Post Button and >> //div[@role='listitem']//span[text()='Post']
14:23:05.129 [main] INFO  com.facebook.utilities.ClickOnAnyButton - clicke on button >> Post Button
14:23:12.176 [main] INFO  com.facebook.pageObject.PO_CreatePage - Method called createNewPost and  Caller methods name: test_CreatePost
14:23:14.675 [main] INFO  com.facebook.pageObject.PO_CreatePage - Entered descriptinAndTags
14:23:14.849 [main] INFO  com.facebook.pageObject.PO_CreatePage - Click on btnAddToYourPost
14:23:17.035 [main] INFO  com.facebook.pageObject.PO_CreatePage - Click on btnIconPhotoVideo
14:23:21.241 [main] INFO  com.facebook.pageObject.PO_CreatePage - Method called uploadFileFromSystem and Caller methods name: createNewPost
14:23:24.247 [main] INFO  com.facebook.projectUtility.UploadFileWithAutoIT - Method called uploadFileWithAutoIT & caller method name: uploadFileFromSystem
14:23:24.248 [main] INFO  com.facebook.projectUtility.UploadFileWithAutoIT - autoItExecutablePath: D:\Eclipse Project\WebAutomation\Facebook_WATM\AutoIT\autoITApplication.exe
14:23:26.258 [main] INFO  com.facebook.projectUtility.UploadFileWithAutoIT - uploadFileAddress: C:\Users\koiri\Downloads\LeonardoAI
14:23:26.260 [main] INFO  com.facebook.projectUtility.UploadFileWithAutoIT - uploadFileName: Default_Create_a_cute_baby_3.jpg
14:23:26.263 [main] INFO  com.facebook.projectUtility.AddArgumentsInAutoITScriptFile - Method called setFileDirectoryAndName & caller method name: uploadFileWithAutoIT
14:23:26.266 [main] INFO  com.facebook.projectUtility.AddArgumentsInAutoITScriptFile - AutoIt script updated successfully.
14:23:31.289 [main] INFO  com.facebook.projectUtility.OpenCMDAndRunBatFile - Method called setFileDirectoryAndName & caller method name: uploadFileWithAutoIT
14:23:41.324 [main] INFO  com.facebook.projectUtility.UploadFileWithAutoIT - Starting AutoIt script execution...
14:23:47.256 [main] INFO  com.facebook.projectUtility.UploadFileWithAutoIT - AutoIt script execution completed with exit code: 0
14:23:49.266 [main] INFO  com.facebook.pageObject.PO_CreatePage - Wait for next 10 seconds
14:23:59.446 [main] INFO  com.facebook.pageObject.PO_CreatePage - Click on btnPost
14:24:01.657 [main] INFO  com.facebook.testCases.TC_CreatePost - Driver shutdown
14:31:11.156 [main] INFO  com.facebook.testCases.TC_CreatePost - Browser and Login-Logout Settings
14:31:11.167 [main] INFO  com.facebook.testCases.TC_CreatePost - wantToEnableDebuggerMode: true And debugger post: 9222
14:31:11.169 [main] INFO  com.facebook.testCases.TC_CreatePost - wantToByPassLoginLogout: true
14:31:11.169 [main] INFO  com.facebook.testCases.TC_CreatePost - incognitoMode: false
14:31:11.170 [main] INFO  com.facebook.testCases.TC_CreatePost - headerLessBrowsing: false
14:31:11.171 [main] INFO  com.facebook.testCases.TC_CreatePost - wantToBlockAdsAndNotifications: true
14:31:11.173 [main] INFO  com.facebook.testCases.TC_CreatePost - Base class started...
14:31:11.205 [main] INFO  com.facebook.utilities.CustomizedChromeOptions - Disabled Ads and Notifications
14:31:11.206 [main] INFO  com.facebook.utilities.CustomizedChromeOptions - Entered into Debugging mode with port:9222
14:31:14.148 [main] INFO  com.facebook.testCases.TC_CreatePost - Chrome driver selected
14:31:20.449 [main] INFO  com.facebook.testCases.TC_CreatePost - Login page started with Debugger mode
14:31:20.598 [main] INFO  com.facebook.testCases.TC_CreatePost - Maximize the window
14:31:20.630 [main] INFO  com.facebook.testCases.TC_CreatePost - loginUserType: user
14:31:20.798 [main] INFO  com.facebook.utilities.ClickOnAnyButton - Method called 'callMeToClickOnAnyButtonWithNameAndXpath' and Caller method name: callMeBeforePerformAnyAction
14:31:20.806 [main] INFO  com.facebook.utilities.ClickOnAnyButton - Element name and xpath >> Facebook Logo and >> (//a[@aria-label='Facebook'])[1]
14:31:21.922 [main] INFO  com.facebook.utilities.ClickOnAnyButton - clicke on button >> Facebook Logo
14:31:27.151 [main] INFO  com.facebook.pageObject.PO_HomePage - Clicked on the iconMenu
14:31:29.177 [main] INFO  com.facebook.utilities.ClickOnAnyButton - Method called 'callMeToClickOnAnyButtonWithNameAndXpath' and Caller method name: clickOnCreatePost
14:31:29.177 [main] INFO  com.facebook.utilities.ClickOnAnyButton - Element name and xpath >> Post Button and >> //div[@role='listitem']//span[text()='Post']
14:31:29.962 [main] INFO  com.facebook.utilities.ClickOnAnyButton - clicke on button >> Post Button
14:31:37.010 [main] INFO  com.facebook.pageObject.PO_CreatePage - Method called createNewPost and  Caller methods name: test_CreatePost
14:31:39.561 [main] INFO  com.facebook.pageObject.PO_CreatePage - Entered descriptinAndTags
14:31:39.740 [main] INFO  com.facebook.pageObject.PO_CreatePage - Click on btnAddToYourPost
14:31:41.937 [main] INFO  com.facebook.pageObject.PO_CreatePage - Click on btnIconPhotoVideo
14:31:46.163 [main] INFO  com.facebook.pageObject.PO_CreatePage - Method called uploadFileFromSystem and Caller methods name: createNewPost
14:31:49.169 [main] INFO  com.facebook.projectUtility.UploadFileWithAutoIT - Method called uploadFileWithAutoIT & caller method name: uploadFileFromSystem
14:31:49.171 [main] INFO  com.facebook.projectUtility.UploadFileWithAutoIT - autoItExecutablePath: D:\Eclipse Project\WebAutomation\Facebook_WATM\AutoIT\autoITApplication.exe
14:31:51.182 [main] INFO  com.facebook.projectUtility.UploadFileWithAutoIT - uploadFileAddress: C:\Users\koiri\Downloads\LeonardoAI
14:31:51.183 [main] INFO  com.facebook.projectUtility.UploadFileWithAutoIT - uploadFileName: Default_Create_a_cute_baby_3.jpg
14:31:51.188 [main] INFO  com.facebook.projectUtility.AddArgumentsInAutoITScriptFile - Method called setFileDirectoryAndName & caller method name: uploadFileWithAutoIT
14:31:51.193 [main] INFO  com.facebook.projectUtility.AddArgumentsInAutoITScriptFile - AutoIt script updated successfully.
14:31:56.214 [main] INFO  com.facebook.projectUtility.OpenCMDAndRunBatFile - Method called setFileDirectoryAndName & caller method name: uploadFileWithAutoIT
14:32:06.272 [main] INFO  com.facebook.projectUtility.UploadFileWithAutoIT - Starting AutoIt script execution...
14:32:12.273 [main] INFO  com.facebook.projectUtility.UploadFileWithAutoIT - AutoIt script execution completed with exit code: 0
14:32:14.281 [main] INFO  com.facebook.pageObject.PO_CreatePage - Wait for next 10 seconds
14:32:24.507 [main] INFO  com.facebook.pageObject.PO_CreatePage - Click on btnPost
14:32:26.625 [main] INFO  com.facebook.testCases.TC_CreatePost - Driver shutdown
15:55:17.870 [main] INFO  com.facebook.testCases.TC_CreatePost - Browser and Login-Logout Settings
15:55:17.916 [main] INFO  com.facebook.testCases.TC_CreatePost - wantToEnableDebuggerMode: true And debugger post: 9222
15:55:17.918 [main] INFO  com.facebook.testCases.TC_CreatePost - wantToByPassLoginLogout: true
15:55:17.919 [main] INFO  com.facebook.testCases.TC_CreatePost - incognitoMode: false
15:55:17.920 [main] INFO  com.facebook.testCases.TC_CreatePost - headerLessBrowsing: false
15:55:17.921 [main] INFO  com.facebook.testCases.TC_CreatePost - wantToBlockAdsAndNotifications: true
15:55:17.925 [main] INFO  com.facebook.testCases.TC_CreatePost - Base class started...
15:55:17.958 [main] INFO  com.facebook.utilities.CustomizedChromeOptions - Disabled Ads and Notifications
15:55:17.958 [main] INFO  com.facebook.utilities.CustomizedChromeOptions - Entered into Debugging mode with port:9222
15:55:20.821 [main] INFO  com.facebook.testCases.TC_CreatePost - Chrome driver selected
15:55:43.812 [main] INFO  com.facebook.testCases.TC_CreatePost - Login page started with Debugger mode
15:55:43.825 [main] INFO  com.facebook.testCases.TC_CreatePost - Maximize the window
15:55:43.849 [main] INFO  com.facebook.testCases.TC_CreatePost - loginUserType: user
15:55:43.968 [main] INFO  com.facebook.utilities.ClickOnAnyButton - Method called 'callMeToClickOnAnyButtonWithNameAndXpath' and Caller method name: callMeBeforePerformAnyAction
15:55:43.969 [main] INFO  com.facebook.utilities.ClickOnAnyButton - Element name and xpath >> Facebook Logo and >> (//a[@aria-label='Facebook'])[1]
15:55:44.754 [main] INFO  com.facebook.utilities.ClickOnAnyButton - clicke on button >> Facebook Logo
15:55:49.998 [main] INFO  com.facebook.pageObject.PO_HomePage - Clicked on the iconMenu
15:55:52.029 [main] INFO  com.facebook.utilities.ClickOnAnyButton - Method called 'callMeToClickOnAnyButtonWithNameAndXpath' and Caller method name: clickOnCreatePost
15:55:52.029 [main] INFO  com.facebook.utilities.ClickOnAnyButton - Element name and xpath >> Post Button and >> //div[@role='listitem']//span[text()='Post']
15:55:52.688 [main] INFO  com.facebook.utilities.ClickOnAnyButton - clicke on button >> Post Button
15:55:59.734 [main] INFO  com.facebook.pageObject.PO_CreatePage - Method called createNewPost and  Caller methods name: test_CreatePost
15:56:02.198 [main] INFO  com.facebook.pageObject.PO_CreatePage - Entered descriptinAndTags
15:56:02.323 [main] INFO  com.facebook.pageObject.PO_CreatePage - Click on btnAddToYourPost
15:56:04.478 [main] INFO  com.facebook.pageObject.PO_CreatePage - Click on btnIconPhotoVideo
15:56:08.656 [main] INFO  com.facebook.pageObject.PO_CreatePage - Method called uploadFileFromSystem and Caller methods name: createNewPost
15:56:11.662 [main] INFO  com.facebook.projectUtility.UploadFileWithAutoIT - Method called uploadFileWithAutoIT & caller method name: uploadFileFromSystem
15:56:11.664 [main] INFO  com.facebook.projectUtility.UploadFileWithAutoIT - autoItExecutablePath: D:\Eclipse Project\WebAutomation\Facebook_WATM\AutoIT\autoITApplication.exe
15:56:13.669 [main] INFO  com.facebook.projectUtility.UploadFileWithAutoIT - uploadFileAddress: C:\Users\koiri\Downloads\LeonardoAI
15:56:13.671 [main] INFO  com.facebook.projectUtility.UploadFileWithAutoIT - uploadFileName: Default_Create_a_cute_baby_3
15:56:13.674 [main] INFO  com.facebook.projectUtility.AddArgumentsInAutoITScriptFile - Method called setFileDirectoryAndName & caller method name: uploadFileWithAutoIT
15:56:13.674 [main] INFO  com.facebook.projectUtility.AddArgumentsInAutoITScriptFile - autoItScriptFileAddress: ./\AutoIT\autoITScript.au3
15:56:13.676 [main] INFO  com.facebook.projectUtility.AddArgumentsInAutoITScriptFile - AutoIt script updated with filePath and fileNameC:\Users\koiri\Downloads\LeonardoAI\Default_Create_a_cute_baby_3
15:56:13.677 [main] INFO  com.facebook.projectUtility.AddArgumentsInAutoITScriptFile - AutoIt script updated successfully.
15:56:18.701 [main] INFO  com.facebook.projectUtility.OpenCMDAndRunBatFile - Method called setFileDirectoryAndName & caller method name: uploadFileWithAutoIT
15:56:28.735 [main] INFO  com.facebook.projectUtility.UploadFileWithAutoIT - Starting AutoIt script execution...
15:56:33.554 [main] INFO  com.facebook.projectUtility.UploadFileWithAutoIT - AutoIt script execution completed with exit code: 0
15:56:35.560 [main] INFO  com.facebook.projectUtility.AddArgumentsInAutoITScriptFile - Method called setFileDirectoryAndName & caller method name: uploadFileWithAutoIT
15:56:35.561 [main] INFO  com.facebook.projectUtility.AddArgumentsInAutoITScriptFile - autoItScriptFileAddress: ./\AutoIT\autoITScript.au3
15:56:35.564 [main] INFO  com.facebook.projectUtility.AddArgumentsInAutoITScriptFile - AutoIt script code change from updated file to original file
15:56:35.565 [main] INFO  com.facebook.projectUtility.AddArgumentsInAutoITScriptFile - AutoIt script updated successfully.
15:56:40.586 [main] INFO  com.facebook.pageObject.PO_CreatePage - Wait for next 10 seconds
15:56:50.760 [main] INFO  com.facebook.pageObject.PO_CreatePage - Click on btnPost
15:56:52.901 [main] INFO  com.facebook.testCases.TC_CreatePost - Driver shutdown
16:00:34.286 [main] INFO  com.facebook.testCases.TC_CreatePost - Browser and Login-Logout Settings
16:00:34.301 [main] INFO  com.facebook.testCases.TC_CreatePost - wantToEnableDebuggerMode: true And debugger post: 9222
16:00:34.302 [main] INFO  com.facebook.testCases.TC_CreatePost - wantToByPassLoginLogout: true
16:00:34.303 [main] INFO  com.facebook.testCases.TC_CreatePost - incognitoMode: false
16:00:34.304 [main] INFO  com.facebook.testCases.TC_CreatePost - headerLessBrowsing: false
16:00:34.305 [main] INFO  com.facebook.testCases.TC_CreatePost - wantToBlockAdsAndNotifications: true
16:00:34.307 [main] INFO  com.facebook.testCases.TC_CreatePost - Base class started...
16:00:34.342 [main] INFO  com.facebook.utilities.CustomizedChromeOptions - Disabled Ads and Notifications
16:00:34.343 [main] INFO  com.facebook.utilities.CustomizedChromeOptions - Entered into Debugging mode with port:9222
16:00:37.377 [main] INFO  com.facebook.testCases.TC_CreatePost - Chrome driver selected
16:01:07.909 [main] INFO  com.facebook.testCases.TC_CreatePost - Login page started with Debugger mode
16:01:07.926 [main] INFO  com.facebook.testCases.TC_CreatePost - Maximize the window
16:01:07.955 [main] INFO  com.facebook.testCases.TC_CreatePost - loginUserType: user
16:01:08.100 [main] INFO  com.facebook.utilities.ClickOnAnyButton - Method called 'callMeToClickOnAnyButtonWithNameAndXpath' and Caller method name: callMeBeforePerformAnyAction
16:01:08.101 [main] INFO  com.facebook.utilities.ClickOnAnyButton - Element name and xpath >> Facebook Logo and >> (//a[@aria-label='Facebook'])[1]
16:01:08.843 [main] INFO  com.facebook.utilities.ClickOnAnyButton - clicke on button >> Facebook Logo
16:01:14.056 [main] INFO  com.facebook.pageObject.PO_HomePage - Clicked on the iconMenu
16:01:16.088 [main] INFO  com.facebook.utilities.ClickOnAnyButton - Method called 'callMeToClickOnAnyButtonWithNameAndXpath' and Caller method name: clickOnCreatePost
16:01:16.088 [main] INFO  com.facebook.utilities.ClickOnAnyButton - Element name and xpath >> Post Button and >> //div[@role='listitem']//span[text()='Post']
16:01:16.927 [main] INFO  com.facebook.utilities.ClickOnAnyButton - clicke on button >> Post Button
16:01:24.000 [main] INFO  com.facebook.pageObject.PO_CreatePage - Method called createNewPost and  Caller methods name: test_CreatePost
16:01:26.407 [main] INFO  com.facebook.pageObject.PO_CreatePage - Entered descriptinAndTags
16:01:26.526 [main] INFO  com.facebook.pageObject.PO_CreatePage - Click on btnAddToYourPost
16:01:28.692 [main] INFO  com.facebook.pageObject.PO_CreatePage - Click on btnIconPhotoVideo
16:01:32.889 [main] INFO  com.facebook.pageObject.PO_CreatePage - Method called uploadFileFromSystem and Caller methods name: createNewPost
16:01:35.907 [main] INFO  com.facebook.projectUtility.UploadFileWithAutoIT - Method called uploadFileWithAutoIT & caller method name: uploadFileFromSystem
16:01:35.908 [main] INFO  com.facebook.projectUtility.UploadFileWithAutoIT - autoItExecutablePath: D:\Eclipse Project\WebAutomation\Facebook_WATM\AutoIT\autoITApplication.exe
16:01:37.913 [main] INFO  com.facebook.projectUtility.UploadFileWithAutoIT - uploadFileAddress: C:\Users\koiri\Downloads\LeonardoAI
16:01:37.914 [main] INFO  com.facebook.projectUtility.UploadFileWithAutoIT - uploadFileName: images (6).jpg
16:01:37.918 [main] INFO  com.facebook.projectUtility.AddArgumentsInAutoITScriptFile - Method called setFileDirectoryAndName & caller method name: uploadFileWithAutoIT
16:01:37.918 [main] INFO  com.facebook.projectUtility.AddArgumentsInAutoITScriptFile - autoItScriptFileAddress: ./\AutoIT\autoITScript.au3
16:01:37.921 [main] INFO  com.facebook.projectUtility.AddArgumentsInAutoITScriptFile - AutoIt script updated with filePath and fileNameC:\Users\koiri\Downloads\LeonardoAI\images (6).jpg
16:01:37.923 [main] INFO  com.facebook.projectUtility.AddArgumentsInAutoITScriptFile - AutoIt script updated successfully.
16:01:42.932 [main] INFO  com.facebook.projectUtility.OpenCMDAndRunBatFile - Method called setFileDirectoryAndName & caller method name: uploadFileWithAutoIT
16:01:52.953 [main] INFO  com.facebook.projectUtility.UploadFileWithAutoIT - Starting AutoIt script execution...
16:01:57.859 [main] INFO  com.facebook.projectUtility.UploadFileWithAutoIT - AutoIt script execution completed with exit code: 0
16:01:59.874 [main] INFO  com.facebook.projectUtility.AddArgumentsInAutoITScriptFile - Method called setFileDirectoryAndName & caller method name: uploadFileWithAutoIT
16:01:59.874 [main] INFO  com.facebook.projectUtility.AddArgumentsInAutoITScriptFile - autoItScriptFileAddress: ./\AutoIT\autoITScript.au3
16:01:59.876 [main] INFO  com.facebook.projectUtility.AddArgumentsInAutoITScriptFile - AutoIt script code change from updated file to original file
16:01:59.878 [main] INFO  com.facebook.projectUtility.AddArgumentsInAutoITScriptFile - AutoIt script updated successfully.
16:02:04.900 [main] INFO  com.facebook.pageObject.PO_CreatePage - Wait for next 10 seconds
16:02:15.159 [main] INFO  com.facebook.pageObject.PO_CreatePage - Click on btnPost
16:02:17.290 [main] INFO  com.facebook.testCases.TC_CreatePost - Driver shutdown
16:03:02.350 [main] INFO  com.facebook.testCases.TC_CreatePost - Browser and Login-Logout Settings
16:03:02.360 [main] INFO  com.facebook.testCases.TC_CreatePost - wantToEnableDebuggerMode: true And debugger post: 9222
16:03:02.361 [main] INFO  com.facebook.testCases.TC_CreatePost - wantToByPassLoginLogout: true
16:03:02.361 [main] INFO  com.facebook.testCases.TC_CreatePost - incognitoMode: false
16:03:02.363 [main] INFO  com.facebook.testCases.TC_CreatePost - headerLessBrowsing: false
16:03:02.364 [main] INFO  com.facebook.testCases.TC_CreatePost - wantToBlockAdsAndNotifications: true
16:03:02.366 [main] INFO  com.facebook.testCases.TC_CreatePost - Base class started...
16:03:02.395 [main] INFO  com.facebook.utilities.CustomizedChromeOptions - Disabled Ads and Notifications
16:03:02.396 [main] INFO  com.facebook.utilities.CustomizedChromeOptions - Entered into Debugging mode with port:9222
16:03:05.208 [main] INFO  com.facebook.testCases.TC_CreatePost - Chrome driver selected
16:03:17.164 [main] INFO  com.facebook.testCases.TC_CreatePost - Login page started with Debugger mode
16:03:17.192 [main] INFO  com.facebook.testCases.TC_CreatePost - Maximize the window
16:03:17.217 [main] INFO  com.facebook.testCases.TC_CreatePost - loginUserType: user
16:03:17.393 [main] INFO  com.facebook.utilities.ClickOnAnyButton - Method called 'callMeToClickOnAnyButtonWithNameAndXpath' and Caller method name: callMeBeforePerformAnyAction
16:03:17.393 [main] INFO  com.facebook.utilities.ClickOnAnyButton - Element name and xpath >> Facebook Logo and >> (//a[@aria-label='Facebook'])[1]
16:03:18.182 [main] INFO  com.facebook.utilities.ClickOnAnyButton - clicke on button >> Facebook Logo
16:03:23.418 [main] INFO  com.facebook.pageObject.PO_HomePage - Clicked on the iconMenu
16:03:25.458 [main] INFO  com.facebook.utilities.ClickOnAnyButton - Method called 'callMeToClickOnAnyButtonWithNameAndXpath' and Caller method name: clickOnCreatePost
16:03:25.458 [main] INFO  com.facebook.utilities.ClickOnAnyButton - Element name and xpath >> Post Button and >> //div[@role='listitem']//span[text()='Post']
16:03:26.135 [main] INFO  com.facebook.utilities.ClickOnAnyButton - clicke on button >> Post Button
16:03:33.167 [main] INFO  com.facebook.pageObject.PO_CreatePage - Method called createNewPost and  Caller methods name: test_CreatePost
16:03:35.610 [main] INFO  com.facebook.pageObject.PO_CreatePage - Entered descriptinAndTags
16:03:35.735 [main] INFO  com.facebook.pageObject.PO_CreatePage - Click on btnAddToYourPost
16:03:37.889 [main] INFO  com.facebook.pageObject.PO_CreatePage - Click on btnIconPhotoVideo
16:03:42.084 [main] INFO  com.facebook.pageObject.PO_CreatePage - Method called uploadFileFromSystem and Caller methods name: createNewPost
16:03:45.096 [main] INFO  com.facebook.projectUtility.UploadFileWithAutoIT - Method called uploadFileWithAutoIT & caller method name: uploadFileFromSystem
16:03:45.097 [main] INFO  com.facebook.projectUtility.UploadFileWithAutoIT - autoItExecutablePath: D:\Eclipse Project\WebAutomation\Facebook_WATM\AutoIT\autoITApplication.exe
16:03:47.101 [main] INFO  com.facebook.projectUtility.UploadFileWithAutoIT - uploadFileAddress: C:\Users\koiri\Downloads\LeonardoAI
16:03:47.102 [main] INFO  com.facebook.projectUtility.UploadFileWithAutoIT - uploadFileName: images (6)
16:03:47.106 [main] INFO  com.facebook.projectUtility.AddArgumentsInAutoITScriptFile - Method called setFileDirectoryAndName & caller method name: uploadFileWithAutoIT
16:03:47.106 [main] INFO  com.facebook.projectUtility.AddArgumentsInAutoITScriptFile - autoItScriptFileAddress: ./\AutoIT\autoITScript.au3
16:03:47.110 [main] INFO  com.facebook.projectUtility.AddArgumentsInAutoITScriptFile - AutoIt script updated with filePath and fileNameC:\Users\koiri\Downloads\LeonardoAI\images (6)
16:03:47.111 [main] INFO  com.facebook.projectUtility.AddArgumentsInAutoITScriptFile - AutoIt script updated successfully.
16:03:52.137 [main] INFO  com.facebook.projectUtility.OpenCMDAndRunBatFile - Method called setFileDirectoryAndName & caller method name: uploadFileWithAutoIT
16:04:02.155 [main] INFO  com.facebook.projectUtility.UploadFileWithAutoIT - Starting AutoIt script execution...
16:04:06.955 [main] INFO  com.facebook.projectUtility.UploadFileWithAutoIT - AutoIt script execution completed with exit code: 0
16:04:08.956 [main] INFO  com.facebook.projectUtility.AddArgumentsInAutoITScriptFile - Method called setFileDirectoryAndName & caller method name: uploadFileWithAutoIT
16:04:08.957 [main] INFO  com.facebook.projectUtility.AddArgumentsInAutoITScriptFile - autoItScriptFileAddress: ./\AutoIT\autoITScript.au3
16:04:08.960 [main] INFO  com.facebook.projectUtility.AddArgumentsInAutoITScriptFile - AutoIt script code change from updated file to original file
16:04:08.961 [main] INFO  com.facebook.projectUtility.AddArgumentsInAutoITScriptFile - AutoIt script updated successfully.
16:04:13.967 [main] INFO  com.facebook.pageObject.PO_CreatePage - Wait for next 10 seconds
16:04:24.165 [main] INFO  com.facebook.pageObject.PO_CreatePage - Click on btnPost
16:04:26.292 [main] INFO  com.facebook.testCases.TC_CreatePost - Driver shutdown
16:05:24.393 [main] INFO  com.facebook.testCases.TC_CreatePost - Browser and Login-Logout Settings
16:05:24.403 [main] INFO  com.facebook.testCases.TC_CreatePost - wantToEnableDebuggerMode: true And debugger post: 9222
16:05:24.403 [main] INFO  com.facebook.testCases.TC_CreatePost - wantToByPassLoginLogout: true
16:05:24.404 [main] INFO  com.facebook.testCases.TC_CreatePost - incognitoMode: false
16:05:24.404 [main] INFO  com.facebook.testCases.TC_CreatePost - headerLessBrowsing: false
16:05:24.405 [main] INFO  com.facebook.testCases.TC_CreatePost - wantToBlockAdsAndNotifications: true
16:05:24.407 [main] INFO  com.facebook.testCases.TC_CreatePost - Base class started...
16:05:24.438 [main] INFO  com.facebook.utilities.CustomizedChromeOptions - Disabled Ads and Notifications
16:05:24.438 [main] INFO  com.facebook.utilities.CustomizedChromeOptions - Entered into Debugging mode with port:9222
16:05:27.204 [main] INFO  com.facebook.testCases.TC_CreatePost - Chrome driver selected
16:05:40.390 [main] INFO  com.facebook.testCases.TC_CreatePost - Login page started with Debugger mode
16:05:40.490 [main] INFO  com.facebook.testCases.TC_CreatePost - Maximize the window
16:05:40.515 [main] INFO  com.facebook.testCases.TC_CreatePost - loginUserType: user
16:05:40.665 [main] INFO  com.facebook.utilities.ClickOnAnyButton - Method called 'callMeToClickOnAnyButtonWithNameAndXpath' and Caller method name: callMeBeforePerformAnyAction
16:05:40.666 [main] INFO  com.facebook.utilities.ClickOnAnyButton - Element name and xpath >> Facebook Logo and >> (//a[@aria-label='Facebook'])[1]
16:05:41.455 [main] INFO  com.facebook.utilities.ClickOnAnyButton - clicke on button >> Facebook Logo
16:05:46.658 [main] INFO  com.facebook.pageObject.PO_HomePage - Clicked on the iconMenu
16:05:48.683 [main] INFO  com.facebook.utilities.ClickOnAnyButton - Method called 'callMeToClickOnAnyButtonWithNameAndXpath' and Caller method name: clickOnCreatePost
16:05:48.684 [main] INFO  com.facebook.utilities.ClickOnAnyButton - Element name and xpath >> Post Button and >> //div[@role='listitem']//span[text()='Post']
16:05:49.351 [main] INFO  com.facebook.utilities.ClickOnAnyButton - clicke on button >> Post Button
16:05:56.395 [main] INFO  com.facebook.pageObject.PO_CreatePage - Method called createNewPost and  Caller methods name: test_CreatePost
16:05:58.857 [main] INFO  com.facebook.pageObject.PO_CreatePage - Entered descriptinAndTags
16:05:58.983 [main] INFO  com.facebook.pageObject.PO_CreatePage - Click on btnAddToYourPost
16:06:01.136 [main] INFO  com.facebook.pageObject.PO_CreatePage - Click on btnIconPhotoVideo
16:06:05.324 [main] INFO  com.facebook.pageObject.PO_CreatePage - Method called uploadFileFromSystem and Caller methods name: createNewPost
16:06:08.333 [main] INFO  com.facebook.projectUtility.UploadFileWithAutoIT - Method called uploadFileWithAutoIT & caller method name: uploadFileFromSystem
16:06:08.335 [main] INFO  com.facebook.projectUtility.UploadFileWithAutoIT - autoItExecutablePath: D:\Eclipse Project\WebAutomation\Facebook_WATM\AutoIT\autoITApplication.exe
16:06:10.344 [main] INFO  com.facebook.projectUtility.UploadFileWithAutoIT - uploadFileAddress: C:\Users\koiri\Downloads\LeonardoAI
16:06:10.345 [main] INFO  com.facebook.projectUtility.UploadFileWithAutoIT - uploadFileName: Default_A_tender_infant_painted_in_delicate_oil_on_canvas_nest_3
16:06:10.349 [main] INFO  com.facebook.projectUtility.AddArgumentsInAutoITScriptFile - Method called setFileDirectoryAndName & caller method name: uploadFileWithAutoIT
16:06:10.350 [main] INFO  com.facebook.projectUtility.AddArgumentsInAutoITScriptFile - autoItScriptFileAddress: ./\AutoIT\autoITScript.au3
16:06:10.353 [main] INFO  com.facebook.projectUtility.AddArgumentsInAutoITScriptFile - AutoIt script updated with filePath and fileNameC:\Users\koiri\Downloads\LeonardoAI\Default_A_tender_infant_painted_in_delicate_oil_on_canvas_nest_3
16:06:10.354 [main] INFO  com.facebook.projectUtility.AddArgumentsInAutoITScriptFile - AutoIt script updated successfully.
16:06:15.371 [main] INFO  com.facebook.projectUtility.OpenCMDAndRunBatFile - Method called setFileDirectoryAndName & caller method name: uploadFileWithAutoIT
16:06:25.414 [main] INFO  com.facebook.projectUtility.UploadFileWithAutoIT - Starting AutoIt script execution...
16:06:30.259 [main] INFO  com.facebook.projectUtility.UploadFileWithAutoIT - AutoIt script execution completed with exit code: 0
16:06:32.272 [main] INFO  com.facebook.projectUtility.AddArgumentsInAutoITScriptFile - Method called setFileDirectoryAndName & caller method name: uploadFileWithAutoIT
16:06:32.272 [main] INFO  com.facebook.projectUtility.AddArgumentsInAutoITScriptFile - autoItScriptFileAddress: ./\AutoIT\autoITScript.au3
16:06:32.276 [main] INFO  com.facebook.projectUtility.AddArgumentsInAutoITScriptFile - AutoIt script code change from updated file to original file
16:06:32.277 [main] INFO  com.facebook.projectUtility.AddArgumentsInAutoITScriptFile - AutoIt script updated successfully.
16:06:37.279 [main] INFO  com.facebook.pageObject.PO_CreatePage - Wait for next 10 seconds
16:06:47.474 [main] INFO  com.facebook.pageObject.PO_CreatePage - Click on btnPost
16:06:49.586 [main] INFO  com.facebook.testCases.TC_CreatePost - Driver shutdown
16:15:45.941 [main] INFO  com.facebook.testCases.TC_CreatePost - Browser and Login-Logout Settings
16:15:45.950 [main] INFO  com.facebook.testCases.TC_CreatePost - wantToEnableDebuggerMode: true And debugger post: 9222
16:15:45.950 [main] INFO  com.facebook.testCases.TC_CreatePost - wantToByPassLoginLogout: true
16:15:45.950 [main] INFO  com.facebook.testCases.TC_CreatePost - incognitoMode: false
16:15:45.950 [main] INFO  com.facebook.testCases.TC_CreatePost - headerLessBrowsing: false
16:15:45.951 [main] INFO  com.facebook.testCases.TC_CreatePost - wantToBlockAdsAndNotifications: true
16:15:45.954 [main] INFO  com.facebook.testCases.TC_CreatePost - Base class started...
16:15:45.984 [main] INFO  com.facebook.utilities.CustomizedChromeOptions - Disabled Ads and Notifications
16:15:45.985 [main] INFO  com.facebook.utilities.CustomizedChromeOptions - Entered into Debugging mode with port:9222
16:15:48.891 [main] INFO  com.facebook.testCases.TC_CreatePost - Chrome driver selected
16:16:19.715 [main] INFO  com.facebook.testCases.TC_CreatePost - Login page started with Debugger mode
16:16:19.750 [main] INFO  com.facebook.testCases.TC_CreatePost - Maximize the window
16:16:19.778 [main] INFO  com.facebook.testCases.TC_CreatePost - loginUserType: user
16:16:19.890 [main] INFO  com.facebook.utilities.ClickOnAnyButton - Method called 'callMeToClickOnAnyButtonWithNameAndXpath' and Caller method name: callMeBeforePerformAnyAction
16:16:19.891 [main] INFO  com.facebook.utilities.ClickOnAnyButton - Element name and xpath >> Facebook Logo and >> (//a[@aria-label='Facebook'])[1]
16:16:20.621 [main] INFO  com.facebook.utilities.ClickOnAnyButton - clicke on button >> Facebook Logo
16:16:25.967 [main] INFO  com.facebook.pageObject.PO_HomePage - Clicked on the iconMenu
16:16:27.984 [main] INFO  com.facebook.utilities.ClickOnAnyButton - Method called 'callMeToClickOnAnyButtonWithNameAndXpath' and Caller method name: clickOnCreatePost
16:16:27.984 [main] INFO  com.facebook.utilities.ClickOnAnyButton - Element name and xpath >> Post Button and >> //div[@role='listitem']//span[text()='Post']
16:16:28.710 [main] INFO  com.facebook.utilities.ClickOnAnyButton - clicke on button >> Post Button
16:16:35.744 [main] INFO  com.facebook.pageObject.PO_CreatePage - Method called createNewPost and  Caller methods name: test_CreatePost
16:16:38.181 [main] INFO  com.facebook.pageObject.PO_CreatePage - Entered descriptinAndTags
16:16:38.309 [main] INFO  com.facebook.pageObject.PO_CreatePage - Click on btnAddToYourPost
16:16:40.502 [main] INFO  com.facebook.pageObject.PO_CreatePage - Click on btnIconPhotoVideo
16:16:44.666 [main] INFO  com.facebook.pageObject.PO_CreatePage - Method called uploadFileFromSystem and Caller methods name: createNewPost
16:16:47.683 [main] INFO  com.facebook.projectUtility.UploadFileWithAutoIT - Method called uploadFileWithAutoIT & caller method name: uploadFileFromSystem
16:16:47.684 [main] INFO  com.facebook.projectUtility.UploadFileWithAutoIT - autoItExecutablePath: D:\Eclipse Project\WebAutomation\Facebook_WATM\AutoIT\autoITApplication.exe
16:16:49.707 [main] INFO  com.facebook.projectUtility.UploadFileWithAutoIT - uploadFileAddress: C:\Users\koiri\Downloads\LeonardoAI
16:16:49.708 [main] INFO  com.facebook.projectUtility.UploadFileWithAutoIT - uploadFileName: Default_Create_a_girl_listening_a_mind_relaxing_mind_she_will_1
16:16:49.710 [main] INFO  com.facebook.projectUtility.AddArgumentsInAutoITScriptFile - Method called setFileDirectoryAndName & caller method name: uploadFileWithAutoIT
16:16:49.711 [main] INFO  com.facebook.projectUtility.AddArgumentsInAutoITScriptFile - autoItScriptFileAddress: ./\AutoIT\autoITScript.au3
16:16:49.714 [main] INFO  com.facebook.projectUtility.AddArgumentsInAutoITScriptFile - AutoIt script updated with filePath and fileNameC:\Users\koiri\Downloads\LeonardoAI\Default_Create_a_girl_listening_a_mind_relaxing_mind_she_will_1
16:16:49.715 [main] INFO  com.facebook.projectUtility.AddArgumentsInAutoITScriptFile - AutoIt script updated successfully.
16:16:54.725 [main] INFO  com.facebook.projectUtility.OpenCMDAndRunBatFile - Method called setFileDirectoryAndName & caller method name: uploadFileWithAutoIT
16:17:04.754 [main] INFO  com.facebook.projectUtility.UploadFileWithAutoIT - Starting AutoIt script execution...
16:17:09.665 [main] INFO  com.facebook.projectUtility.UploadFileWithAutoIT - AutoIt script execution completed with exit code: 0
16:17:11.672 [main] INFO  com.facebook.projectUtility.AddArgumentsInAutoITScriptFile - Method called setFileDirectoryAndName & caller method name: uploadFileWithAutoIT
16:17:11.672 [main] INFO  com.facebook.projectUtility.AddArgumentsInAutoITScriptFile - autoItScriptFileAddress: ./\AutoIT\autoITScript.au3
16:17:11.674 [main] INFO  com.facebook.projectUtility.AddArgumentsInAutoITScriptFile - AutoIt script code change from updated file to original file
16:17:11.675 [main] INFO  com.facebook.projectUtility.AddArgumentsInAutoITScriptFile - AutoIt script updated successfully.
16:17:16.702 [main] INFO  com.facebook.pageObject.PO_CreatePage - Wait for next 10 seconds
16:17:26.878 [main] INFO  com.facebook.pageObject.PO_CreatePage - Click on btnPost
16:17:29.006 [main] INFO  com.facebook.testCases.TC_CreatePost - Driver shutdown
